[debug] [2025-06-15T16:50:01.711Z] ----------------------------------------------------------------------
[debug] [2025-06-15T16:50:01.714Z] Command:       C:\Program Files\nodejs\node.exe C:\Users\admin\AppData\Roaming\npm\node_modules\firebase-tools\lib\bin\firebase.js init
[debug] [2025-06-15T16:50:01.715Z] CLI Version:   14.7.0
[debug] [2025-06-15T16:50:01.715Z] Platform:      win32
[debug] [2025-06-15T16:50:01.715Z] Node Version:  v23.6.1
[debug] [2025-06-15T16:50:01.715Z] Time:          Sun Jun 15 2025 18:50:01 GMT+0200 (czas środkowoeuropejski letni)
[debug] [2025-06-15T16:50:01.716Z] ----------------------------------------------------------------------
[debug] 
[debug] [2025-06-15T16:50:01.723Z] > command requires scopes: ["email","openid","https://www.googleapis.com/auth/cloudplatformprojects.readonly","https://www.googleapis.com/auth/firebase","https://www.googleapis.com/auth/cloud-platform"]
[debug] [2025-06-15T16:50:01.723Z] > authorizing via signed-in user (kac4620@gmail.com)
[info] 
     ######## #### ########  ######## ########     ###     ######  ########
     ##        ##  ##     ## ##       ##     ##  ##   ##  ##       ##
     ######    ##  ########  ######   ########  #########  ######  ######
     ##        ##  ##    ##  ##       ##     ## ##     ##       ## ##
     ##       #### ##     ## ######## ########  ##     ##  ######  ########

You're about to initialize a Firebase project in this directory:

  D:\html\lab3\lab3\app

[info] 
=== Project Setup
[info] 
[info] First, let's associate this project directory with a Firebase project.
[info] You can create multiple project aliases by running firebase use --add, 
[info] but for now we'll just set up a default project.
[info] 
[info] i  If you want to create a project in a Google Cloud organization or folder, please use "firebase projects:create" instead, and return to this command when you've created the project. 
[debug] [2025-06-15T16:52:03.370Z] Checked if tokens are valid: true, expires at: 1750009733671
[debug] [2025-06-15T16:52:03.370Z] Checked if tokens are valid: true, expires at: 1750009733671
[debug] [2025-06-15T16:52:03.371Z] >>> [apiv2][query] POST https://cloudresourcemanager.googleapis.com/v1/projects [none]
[debug] [2025-06-15T16:52:03.371Z] >>> [apiv2][body] POST https://cloudresourcemanager.googleapis.com/v1/projects {"projectId":"ksiegrarnia","name":"projektPIW"}
[debug] [2025-06-15T16:52:04.461Z] <<< [apiv2][status] POST https://cloudresourcemanager.googleapis.com/v1/projects 200
[debug] [2025-06-15T16:52:04.461Z] <<< [apiv2][body] POST https://cloudresourcemanager.googleapis.com/v1/projects {"name":"operations/create_project.global.6329435503151452070"}
[debug] [2025-06-15T16:52:04.462Z] Checked if tokens are valid: true, expires at: 1750009733671
[debug] [2025-06-15T16:52:04.462Z] Checked if tokens are valid: true, expires at: 1750009733671
[debug] [2025-06-15T16:52:04.463Z] >>> [apiv2][query] GET https://cloudresourcemanager.googleapis.com/v1/operations/create_project.global.6329435503151452070 [none]
[debug] [2025-06-15T16:52:05.217Z] <<< [apiv2][status] GET https://cloudresourcemanager.googleapis.com/v1/operations/create_project.global.6329435503151452070 200
[debug] [2025-06-15T16:52:05.217Z] <<< [apiv2][body] GET https://cloudresourcemanager.googleapis.com/v1/operations/create_project.global.6329435503151452070 {"name":"operations/create_project.global.6329435503151452070"}
[debug] [2025-06-15T16:52:05.731Z] [Project Creation Poller] Retrying task index 0
[debug] [2025-06-15T16:52:05.732Z] Checked if tokens are valid: true, expires at: 1750009733671
[debug] [2025-06-15T16:52:05.732Z] Checked if tokens are valid: true, expires at: 1750009733671
[debug] [2025-06-15T16:52:05.733Z] >>> [apiv2][query] GET https://cloudresourcemanager.googleapis.com/v1/operations/create_project.global.6329435503151452070 [none]
[debug] [2025-06-15T16:52:05.944Z] <<< [apiv2][status] GET https://cloudresourcemanager.googleapis.com/v1/operations/create_project.global.6329435503151452070 200
[debug] [2025-06-15T16:52:05.945Z] <<< [apiv2][body] GET https://cloudresourcemanager.googleapis.com/v1/operations/create_project.global.6329435503151452070 {"name":"operations/create_project.global.6329435503151452070","metadata":{"@type":"type.googleapis.com/google.cloudresourcemanager.v1.ProjectCreationStatus","gettable":true,"ready":true},"done":true,"response":{"@type":"type.googleapis.com/google.cloudresourcemanager.v1.Project","projectNumber":"232007967067","projectId":"ksiegrarnia","lifecycleState":"ACTIVE","name":"projektPIW","createTime":"2025-06-15T16:52:05.550748Z"}}
[debug] [2025-06-15T16:52:05.948Z] Checked if tokens are valid: true, expires at: 1750009733671
[debug] [2025-06-15T16:52:05.949Z] Checked if tokens are valid: true, expires at: 1750009733671
[debug] [2025-06-15T16:52:05.949Z] >>> [apiv2][query] POST https://firebase.googleapis.com/v1beta1/projects/ksiegrarnia:addFirebase [none]
[debug] [2025-06-15T16:52:09.697Z] <<< [apiv2][status] POST https://firebase.googleapis.com/v1beta1/projects/ksiegrarnia:addFirebase 200
[debug] [2025-06-15T16:52:09.697Z] <<< [apiv2][body] POST https://firebase.googleapis.com/v1beta1/projects/ksiegrarnia:addFirebase {"name":"operations/workflows/ZGY0YWVlMzItMDg3Yi00OGVhLTljOTItYWZiMTA3YjEyNjJk"}
[debug] [2025-06-15T16:52:09.698Z] Checked if tokens are valid: true, expires at: 1750009733671
[debug] [2025-06-15T16:52:09.698Z] Checked if tokens are valid: true, expires at: 1750009733671
[debug] [2025-06-15T16:52:09.698Z] >>> [apiv2][query] GET https://firebase.googleapis.com/v1beta1/operations/workflows/ZGY0YWVlMzItMDg3Yi00OGVhLTljOTItYWZiMTA3YjEyNjJk [none]
[debug] [2025-06-15T16:52:21.530Z] <<< [apiv2][status] GET https://firebase.googleapis.com/v1beta1/operations/workflows/ZGY0YWVlMzItMDg3Yi00OGVhLTljOTItYWZiMTA3YjEyNjJk 200
[debug] [2025-06-15T16:52:21.530Z] <<< [apiv2][body] GET https://firebase.googleapis.com/v1beta1/operations/workflows/ZGY0YWVlMzItMDg3Yi00OGVhLTljOTItYWZiMTA3YjEyNjJk {"name":"operations/workflows/ZGY0YWVlMzItMDg3Yi00OGVhLTljOTItYWZiMTA3YjEyNjJk"}
[debug] [2025-06-15T16:52:22.034Z] [Add Firebase Poller] Retrying task index 0
[debug] [2025-06-15T16:52:22.035Z] Checked if tokens are valid: true, expires at: 1750009733671
[debug] [2025-06-15T16:52:22.036Z] Checked if tokens are valid: true, expires at: 1750009733671
[debug] [2025-06-15T16:52:22.037Z] >>> [apiv2][query] GET https://firebase.googleapis.com/v1beta1/operations/workflows/ZGY0YWVlMzItMDg3Yi00OGVhLTljOTItYWZiMTA3YjEyNjJk [none]
[debug] [2025-06-15T16:52:22.760Z] <<< [apiv2][status] GET https://firebase.googleapis.com/v1beta1/operations/workflows/ZGY0YWVlMzItMDg3Yi00OGVhLTljOTItYWZiMTA3YjEyNjJk 200
[debug] [2025-06-15T16:52:22.760Z] <<< [apiv2][body] GET https://firebase.googleapis.com/v1beta1/operations/workflows/ZGY0YWVlMzItMDg3Yi00OGVhLTljOTItYWZiMTA3YjEyNjJk {"name":"operations/workflows/ZGY0YWVlMzItMDg3Yi00OGVhLTljOTItYWZiMTA3YjEyNjJk"}
[debug] [2025-06-15T16:52:23.768Z] [Add Firebase Poller] Retrying task index 0
[debug] [2025-06-15T16:52:23.770Z] Checked if tokens are valid: true, expires at: 1750009733671
[debug] [2025-06-15T16:52:23.770Z] Checked if tokens are valid: true, expires at: 1750009733671
[debug] [2025-06-15T16:52:23.771Z] >>> [apiv2][query] GET https://firebase.googleapis.com/v1beta1/operations/workflows/ZGY0YWVlMzItMDg3Yi00OGVhLTljOTItYWZiMTA3YjEyNjJk [none]
[debug] [2025-06-15T16:52:24.218Z] <<< [apiv2][status] GET https://firebase.googleapis.com/v1beta1/operations/workflows/ZGY0YWVlMzItMDg3Yi00OGVhLTljOTItYWZiMTA3YjEyNjJk 200
[debug] [2025-06-15T16:52:24.219Z] <<< [apiv2][body] GET https://firebase.googleapis.com/v1beta1/operations/workflows/ZGY0YWVlMzItMDg3Yi00OGVhLTljOTItYWZiMTA3YjEyNjJk {"name":"operations/workflows/ZGY0YWVlMzItMDg3Yi00OGVhLTljOTItYWZiMTA3YjEyNjJk"}
[debug] [2025-06-15T16:52:26.226Z] [Add Firebase Poller] Retrying task index 0
[debug] [2025-06-15T16:52:26.227Z] Checked if tokens are valid: true, expires at: 1750009733671
[debug] [2025-06-15T16:52:26.227Z] Checked if tokens are valid: true, expires at: 1750009733671
[debug] [2025-06-15T16:52:26.227Z] >>> [apiv2][query] GET https://firebase.googleapis.com/v1beta1/operations/workflows/ZGY0YWVlMzItMDg3Yi00OGVhLTljOTItYWZiMTA3YjEyNjJk [none]
[debug] [2025-06-15T16:52:26.877Z] <<< [apiv2][status] GET https://firebase.googleapis.com/v1beta1/operations/workflows/ZGY0YWVlMzItMDg3Yi00OGVhLTljOTItYWZiMTA3YjEyNjJk 200
[debug] [2025-06-15T16:52:26.877Z] <<< [apiv2][body] GET https://firebase.googleapis.com/v1beta1/operations/workflows/ZGY0YWVlMzItMDg3Yi00OGVhLTljOTItYWZiMTA3YjEyNjJk {"name":"operations/workflows/ZGY0YWVlMzItMDg3Yi00OGVhLTljOTItYWZiMTA3YjEyNjJk"}
[debug] [2025-06-15T16:52:30.883Z] [Add Firebase Poller] Retrying task index 0
[debug] [2025-06-15T16:52:30.884Z] Checked if tokens are valid: true, expires at: 1750009733671
[debug] [2025-06-15T16:52:30.885Z] Checked if tokens are valid: true, expires at: 1750009733671
[debug] [2025-06-15T16:52:30.885Z] >>> [apiv2][query] GET https://firebase.googleapis.com/v1beta1/operations/workflows/ZGY0YWVlMzItMDg3Yi00OGVhLTljOTItYWZiMTA3YjEyNjJk [none]
[debug] [2025-06-15T16:52:31.361Z] <<< [apiv2][status] GET https://firebase.googleapis.com/v1beta1/operations/workflows/ZGY0YWVlMzItMDg3Yi00OGVhLTljOTItYWZiMTA3YjEyNjJk 200
[debug] [2025-06-15T16:52:31.361Z] <<< [apiv2][body] GET https://firebase.googleapis.com/v1beta1/operations/workflows/ZGY0YWVlMzItMDg3Yi00OGVhLTljOTItYWZiMTA3YjEyNjJk {"name":"operations/workflows/ZGY0YWVlMzItMDg3Yi00OGVhLTljOTItYWZiMTA3YjEyNjJk","done":true,"response":{"@type":"type.googleapis.com/google.firebase.service.v1beta1.FirebaseProject","projectId":"ksiegrarnia","projectNumber":"232007967067","displayName":"projektPIW","name":"projects/ksiegrarnia","resources":{"hostingSite":"ksiegrarnia"}}}
[info] 
[info] === Your Firebase project is ready! ===
[info] 
[info] Project information:
[info]    - Project ID: ksiegrarnia
[info]    - Project Name: projektPIW
[info] 
[info] Firebase console is available at
[info] https://console.firebase.google.com/project/ksiegrarnia/overview
[info] i  Using project ksiegrarnia (projektPIW) 
[info] 
=== Hosting Setup
[debug] [2025-06-15T16:52:31.373Z] Checked if tokens are valid: true, expires at: 1750009733671
[debug] [2025-06-15T16:52:31.373Z] Checked if tokens are valid: true, expires at: 1750009733671
[debug] [2025-06-15T16:52:31.373Z] >>> [apiv2][query] GET https://firebase.googleapis.com/v1beta1/projects/ksiegrarnia [none]
[debug] [2025-06-15T16:52:32.207Z] <<< [apiv2][status] GET https://firebase.googleapis.com/v1beta1/projects/ksiegrarnia 200
[debug] [2025-06-15T16:52:32.207Z] <<< [apiv2][body] GET https://firebase.googleapis.com/v1beta1/projects/ksiegrarnia {"projectId":"ksiegrarnia","projectNumber":"232007967067","displayName":"projektPIW","name":"projects/ksiegrarnia","resources":{"hostingSite":"ksiegrarnia"},"state":"ACTIVE","etag":"1_5ed95e6d-d7d1-43d1-aaf3-7c3fa91a22e5"}
[info] 
[info] Your public directory is the folder (relative to your project directory) that
[info] will contain Hosting assets to be uploaded with firebase deploy. If you
[info] have a build process for your assets, use your build's output directory.
[info] 
